2025-09-03 13:35:39,929 DEBUG    root            Loaded Command Group: ['gcloud', 'components']
2025-09-03 13:35:39,931 DEBUG    root            Loaded Command Group: ['gcloud', 'components', 'update']
2025-09-03 13:35:39,933 DEBUG    root            Running [gcloud.components.update] with arguments: [--quiet: "True", COMPONENT-IDS:8: "['gcloud', 'core', 'bq', 'gsutil', 'compute', 'preview', 'alpha', 'beta']"]
2025-09-03 13:35:39,934 INFO     ___FILE_ONLY___ Beginning update. This process may take several minutes.

2025-09-03 13:35:39,942 DEBUG    urllib3.connectionpool Starting new HTTPS connection (1): dl.google.com:443
2025-09-03 13:35:40,028 DEBUG    urllib3.connectionpool https://dl.google.com:443 "GET /dl/cloudsdk/channels/rapid/components-2.json HTTP/11" 200 233150
2025-09-03 13:35:40,039 WARNING  root            Component [compute] no longer exists.
2025-09-03 13:35:40,040 INFO     ___FILE_ONLY___ 

2025-09-03 13:35:40,041 INFO     ___FILE_ONLY___ 
Your current Google Cloud CLI version is: 537.0.0

2025-09-03 13:35:40,041 INFO     ___FILE_ONLY___ Installing components from version: 537.0.0

2025-09-03 13:35:40,041 INFO     ___FILE_ONLY___ 

2025-09-03 13:35:40,041 DEBUG    root            Chosen display Format:table[box,title="These components will be removed."](details.display_name:label=Name:align=left,version.version_string:label=Version:align=right,data.size.size(zero="",min=1048576):label=Size:align=right)
2025-09-03 13:35:40,042 DEBUG    root            Chosen display Format:table[box,title="These components will be updated."](details.display_name:label=Name:align=left,version.version_string:label=Version:align=right,data.size.size(zero="",min=1048576):label=Size:align=right)
2025-09-03 13:35:40,042 DEBUG    root            Chosen display Format:table[box,title="These components will be installed."](details.display_name:label=Name:align=left,version.version_string:label=Version:align=right,data.size.size(zero="",min=1048576):label=Size:align=right)
2025-09-03 13:35:40,058 INFO     ___FILE_ONLY___ ┌────────────────────────────────────────────────┐
2025-09-03 13:35:40,058 INFO     ___FILE_ONLY___ 

2025-09-03 13:35:40,058 INFO     ___FILE_ONLY___ │      These components will be installed.       │
2025-09-03 13:35:40,058 INFO     ___FILE_ONLY___ 

2025-09-03 13:35:40,058 INFO     ___FILE_ONLY___ ├─────────────────────────┬────────────┬─────────┤
2025-09-03 13:35:40,058 INFO     ___FILE_ONLY___ 

2025-09-03 13:35:40,058 INFO     ___FILE_ONLY___ │           Name          │  Version   │   Size  │
2025-09-03 13:35:40,058 INFO     ___FILE_ONLY___ 

2025-09-03 13:35:40,058 INFO     ___FILE_ONLY___ ├─────────────────────────┼────────────┼─────────┤
2025-09-03 13:35:40,058 INFO     ___FILE_ONLY___ 

2025-09-03 13:35:40,058 INFO     ___FILE_ONLY___ │ 
2025-09-03 13:35:40,058 INFO     ___FILE_ONLY___ gcloud Alpha Commands  
2025-09-03 13:35:40,059 INFO     ___FILE_ONLY___  
2025-09-03 13:35:40,059 INFO     ___FILE_ONLY___ │ 
2025-09-03 13:35:40,059 INFO     ___FILE_ONLY___ 2025.08.29
2025-09-03 13:35:40,059 INFO     ___FILE_ONLY___  
2025-09-03 13:35:40,059 INFO     ___FILE_ONLY___ │ 
2025-09-03 13:35:40,059 INFO     ___FILE_ONLY___ < 1 MiB
2025-09-03 13:35:40,059 INFO     ___FILE_ONLY___  
2025-09-03 13:35:40,059 INFO     ___FILE_ONLY___ │
2025-09-03 13:35:40,059 INFO     ___FILE_ONLY___ 

2025-09-03 13:35:40,059 INFO     ___FILE_ONLY___ │ 
2025-09-03 13:35:40,059 INFO     ___FILE_ONLY___ gcloud Beta Commands   
2025-09-03 13:35:40,059 INFO     ___FILE_ONLY___  
2025-09-03 13:35:40,059 INFO     ___FILE_ONLY___ │ 
2025-09-03 13:35:40,060 INFO     ___FILE_ONLY___ 2025.08.29
2025-09-03 13:35:40,060 INFO     ___FILE_ONLY___  
2025-09-03 13:35:40,060 INFO     ___FILE_ONLY___ │ 
2025-09-03 13:35:40,060 INFO     ___FILE_ONLY___ < 1 MiB
2025-09-03 13:35:40,060 INFO     ___FILE_ONLY___  
2025-09-03 13:35:40,060 INFO     ___FILE_ONLY___ │
2025-09-03 13:35:40,060 INFO     ___FILE_ONLY___ 

2025-09-03 13:35:40,060 INFO     ___FILE_ONLY___ │ 
2025-09-03 13:35:40,060 INFO     ___FILE_ONLY___ gcloud Preview Commands
2025-09-03 13:35:40,060 INFO     ___FILE_ONLY___  
2025-09-03 13:35:40,060 INFO     ___FILE_ONLY___ │ 
2025-09-03 13:35:40,060 INFO     ___FILE_ONLY___           
2025-09-03 13:35:40,060 INFO     ___FILE_ONLY___  
2025-09-03 13:35:40,060 INFO     ___FILE_ONLY___ │ 
2025-09-03 13:35:40,061 INFO     ___FILE_ONLY___ < 1 MiB
2025-09-03 13:35:40,061 INFO     ___FILE_ONLY___  
2025-09-03 13:35:40,061 INFO     ___FILE_ONLY___ │
2025-09-03 13:35:40,061 INFO     ___FILE_ONLY___ 

2025-09-03 13:35:40,061 INFO     ___FILE_ONLY___ └─────────────────────────┴────────────┴─────────┘
2025-09-03 13:35:40,061 INFO     ___FILE_ONLY___ 

2025-09-03 13:35:40,061 INFO     ___FILE_ONLY___ 

2025-09-03 13:35:40,064 DEBUG    urllib3.connectionpool Starting new HTTPS connection (1): dl.google.com:443
2025-09-03 13:35:40,149 DEBUG    urllib3.connectionpool https://dl.google.com:443 "GET /dl/cloudsdk/channels/rapid/RELEASE_NOTES HTTP/11" 200 1475962
2025-09-03 13:35:40,702 INFO     ___FILE_ONLY___ For the latest full release notes, please visit:
  https://cloud.google.com/sdk/release_notes


2025-09-03 13:35:40,702 INFO     ___FILE_ONLY___ Performing in place update...


2025-09-03 13:35:40,704 INFO     ___FILE_ONLY___ ╔════════════════════════════════════════════════════════════╗

2025-09-03 13:35:40,704 INFO     ___FILE_ONLY___ ╠═ Downloading: gcloud Alpha Commands                       ═╣

2025-09-03 13:35:40,705 INFO     ___FILE_ONLY___ ╚
2025-09-03 13:35:40,707 DEBUG    urllib3.connectionpool Starting new HTTPS connection (1): dl.google.com:443
2025-09-03 13:35:40,800 DEBUG    urllib3.connectionpool https://dl.google.com:443 "GET /dl/cloudsdk/channels/rapid/components/google-cloud-sdk-alpha-20250829143545.tar.gz HTTP/11" 200 800
2025-09-03 13:35:40,801 INFO     ___FILE_ONLY___ ════════════════════════════════════════════════════════════
2025-09-03 13:35:40,801 INFO     ___FILE_ONLY___ ╝

2025-09-03 13:35:40,803 INFO     ___FILE_ONLY___ ╔════════════════════════════════════════════════════════════╗

2025-09-03 13:35:40,803 INFO     ___FILE_ONLY___ ╠═ Downloading: gcloud Beta Commands                        ═╣

2025-09-03 13:35:40,803 INFO     ___FILE_ONLY___ ╚
2025-09-03 13:35:40,805 DEBUG    urllib3.connectionpool Starting new HTTPS connection (1): dl.google.com:443
2025-09-03 13:35:40,886 DEBUG    urllib3.connectionpool https://dl.google.com:443 "GET /dl/cloudsdk/channels/rapid/components/google-cloud-sdk-beta-20250829143545.tar.gz HTTP/11" 200 797
2025-09-03 13:35:40,886 INFO     ___FILE_ONLY___ ════════════════════════════════════════════════════════════
2025-09-03 13:35:40,887 INFO     ___FILE_ONLY___ ╝

2025-09-03 13:35:40,889 INFO     ___FILE_ONLY___ ╔════════════════════════════════════════════════════════════╗

2025-09-03 13:35:40,889 INFO     ___FILE_ONLY___ ╠═ Downloading: gcloud Preview Commands                     ═╣

2025-09-03 13:35:40,889 INFO     ___FILE_ONLY___ ╚
2025-09-03 13:35:40,891 DEBUG    urllib3.connectionpool Starting new HTTPS connection (1): dl.google.com:443
2025-09-03 13:35:41,031 DEBUG    urllib3.connectionpool https://dl.google.com:443 "GET /dl/cloudsdk/channels/rapid/components/google-cloud-sdk-preview-20241115154308.tar.gz HTTP/11" 200 823
2025-09-03 13:35:41,032 INFO     ___FILE_ONLY___ ════════════════════════════════════════════════════════════
2025-09-03 13:35:41,032 INFO     ___FILE_ONLY___ ╝

2025-09-03 13:35:41,034 INFO     ___FILE_ONLY___ ╔════════════════════════════════════════════════════════════╗

2025-09-03 13:35:41,034 INFO     ___FILE_ONLY___ ╠═ Installing: gcloud Alpha Commands                        ═╣

2025-09-03 13:35:41,034 INFO     ___FILE_ONLY___ ╚
2025-09-03 13:35:41,035 INFO     ___FILE_ONLY___ ════════════════════════════════════════════════════════════
2025-09-03 13:35:41,035 INFO     ___FILE_ONLY___ ╝

2025-09-03 13:35:41,040 INFO     ___FILE_ONLY___ ╔════════════════════════════════════════════════════════════╗

2025-09-03 13:35:41,040 INFO     ___FILE_ONLY___ ╠═ Installing: gcloud Beta Commands                         ═╣

2025-09-03 13:35:41,040 INFO     ___FILE_ONLY___ ╚
2025-09-03 13:35:41,041 INFO     ___FILE_ONLY___ ════════════════════════════════════════════════════════════
2025-09-03 13:35:41,041 INFO     ___FILE_ONLY___ ╝

2025-09-03 13:35:41,045 INFO     ___FILE_ONLY___ ╔════════════════════════════════════════════════════════════╗

2025-09-03 13:35:41,045 INFO     ___FILE_ONLY___ ╠═ Installing: gcloud Preview Commands                      ═╣

2025-09-03 13:35:41,045 INFO     ___FILE_ONLY___ ╚
2025-09-03 13:35:41,046 INFO     ___FILE_ONLY___ ════════════════════════════════════════════════════════════
2025-09-03 13:35:41,046 INFO     ___FILE_ONLY___ ╝

2025-09-03 13:35:41,050 DEBUG    root            Updating notification cache...
2025-09-03 13:35:41,051 INFO     ___FILE_ONLY___ 

2025-09-03 13:35:41,052 INFO     ___FILE_ONLY___ Performing post processing steps...
2025-09-03 13:35:41,053 DEBUG    root            Executing command: ['/tools/google-cloud-sdk/bin/gcloud', 'components', 'post-process']
2025-09-03 13:35:49,628 DEBUG    ___FILE_ONLY___ 
2025-09-03 13:35:49,628 DEBUG    ___FILE_ONLY___ 
2025-09-03 13:35:49,816 INFO     root            descriptor_list: [{'universeDomain': 'googleapis.com', 'universeShortName': '', 'authenticationDomain': 'auth.cloud.google.com', 'projectPrefix': '', 'cloudWebDomain': 'cloud.google.com', 'documentationDomain': 'cloud.google.com', 'version': '1.0.0', 'state': 'primary', 'artifactRegistryDomain': 'pkg.dev'}]
2025-09-03 13:35:49,817 INFO     ___FILE_ONLY___ 
Update done!


2025-09-03 13:35:49,819 DEBUG    root            Chosen display Format:none
2025-09-03 13:35:49,819 INFO     root            Display format: "none"
